<?xml version="1.0" encoding="UTF-8"?>
<!-- Generated by org.testng.reporters.JUnitReportReporter -->
<testsuite hostname="DESKTOP-TY" name="example.NewTest" tests="1" failures="0" timestamp="11 Feb 2020 04:13:58 GMT" time="30.703" errors="0">
  <testcase name="testEasy" time="30.703" classname="example.NewTest"/>
</testsuite> <!-- example.NewTest -->
